[15:08:52] [Render thread/INFO]: Environment: authHost='https://authserver.mojang.com', accountsHost='https://api.mojang.com', sessionHost='https://sessionserver.mojang.com', servicesHost='https://api.minecraftservices.com', name='PROD'
[15:08:53] [Render thread/ERROR]: Failed to verify authentication
com.mojang.authlib.exceptions.InvalidCredentialsException: Status: 401
	at com.mojang.authlib.exceptions.MinecraftClientHttpException.toAuthenticationException(MinecraftClientHttpException.java:56) ~[authlib-3.3.39.jar:?]
	at com.mojang.authlib.yggdrasil.YggdrasilUserApiService.fetchProperties(YggdrasilUserApiService.java:132) ~[authlib-3.3.39.jar:?]
	at com.mojang.authlib.yggdrasil.YggdrasilUserApiService.<init>(YggdrasilUserApiService.java:44) ~[authlib-3.3.39.jar:?]
	at com.mojang.authlib.yggdrasil.YggdrasilAuthenticationService.createUserApiService(YggdrasilAuthenticationService.java:153) ~[authlib-3.3.39.jar:?]
	at dyr.a(SourceFile:680) [1.18.2.jar:?]
	at dyr.<init>(SourceFile:424) [1.18.2.jar:?]
	at net.minecraft.client.main.Main.main(SourceFile:197) [1.18.2.jar:?]
Caused by: com.mojang.authlib.exceptions.MinecraftClientHttpException: Status: 401
	at com.mojang.authlib.minecraft.client.MinecraftClient.readInputStream(MinecraftClient.java:78) ~[authlib-3.3.39.jar:?]
	at com.mojang.authlib.minecraft.client.MinecraftClient.get(MinecraftClient.java:48) ~[authlib-3.3.39.jar:?]
	at com.mojang.authlib.yggdrasil.YggdrasilUserApiService.fetchProperties(YggdrasilUserApiService.java:113) ~[authlib-3.3.39.jar:?]
	... 5 more
[15:08:53] [Render thread/INFO]: Setting user: 16
[15:08:53] [Render thread/INFO]: Backend library: LWJGL version 3.2.2 build 10
[15:08:57] [Render thread/WARN]: Failed to create window: 
dsr$a: GLFW error 65542: WGL: The driver does not appear to support OpenGL
	at dsr.b(SourceFile:218) ~[1.18.2.jar:?]
	at org.lwjgl.glfw.GLFWErrorCallbackI.callback(GLFWErrorCallbackI.java:36) ~[lwjgl-glfw-3.2.2.jar:build 10]
	at org.lwjgl.system.JNI.invokePPPP(Native Method) ~[lwjgl-3.2.2.jar:build 10]
	at org.lwjgl.glfw.GLFW.nglfwCreateWindow(GLFW.java:1714) ~[lwjgl-glfw-3.2.2.jar:build 10]
	at org.lwjgl.glfw.GLFW.glfwCreateWindow(GLFW.java:1897) ~[lwjgl-glfw-3.2.2.jar:build 10]
	at dsr.<init>(SourceFile:92) ~[1.18.2.jar:?]
	at erh.a(SourceFile:21) ~[1.18.2.jar:?]
	at dyr.<init>(SourceFile:476) ~[1.18.2.jar:?]
	at net.minecraft.client.main.Main.main(SourceFile:197) [1.18.2.jar:?]
